<?xml version="1.0" encoding="UTF-8"?>
<testsuite xmlns:xsi="http://www.w3.org/2001/XMLSchema-instance" xsi:noNamespaceSchemaLocation="https://maven.apache.org/surefire/maven-surefire-plugin/xsd/surefire-test-report-3.0.xsd" version="3.0" name="com.allan.Application_Climate.ApplicationWeatherMainMainApplicationTests" time="6.807" tests="1" errors="0" skipped="0" failures="0">
  <properties>
[...]
</properties>
  <testcase name="contextLoads" classname="com.allan.Application_Climate.ApplicationWeatherMainMainApplicationTests" time="1.376">
    <system-out><![CDATA[19:03:02.085 [main] INFO org.springframework.test.context.support.AnnotationConfigContextLoaderUtils -- Could not detect default configuration classes for test class [com.allan.Application_Climate.ApplicationWeatherMainMainApplicationTests]: ApplicationWeatherMainMainApplicationTests does not declare any static, non-private, non-final, nested classes annotated with @Configuration.
19:03:02.341 [main] INFO org.springframework.boot.test.context.SpringBootTestContextBootstrapper -- Found @SpringBootConfiguration com.allan.Application_Climate.ApplicationClimateApplication for test class com.allan.Application_Climate.ApplicationWeatherMainMainApplicationTests

  .   ____          _            __ _ _
 /\\ / ___'_ __ _ _(_)_ __  __ _ \ \ \ \
( ( )\___ | '_ | '_| | '_ \/ _` | \ \ \ \
 \\/  ___)| |_)| | | | | || (_| |  ) ) ) )
  '  |____| .__|_| |_|_| |_\__, | / / / /
 =========|_|==============|___/=/_/_/_/
 :: Spring Boot ::                (v3.1.3)

2026-05-02T19:03:03.093-03:00  INFO 38214 --- [           main] plicationWeatherMainMainApplicationTests : Starting ApplicationWeatherMainMainApplicationTests using Java 25.0.2 with PID 38214 (started by Allan in /home/Allan/Documentos/Nova pasta)
2026-05-02T19:03:03.099-03:00  INFO 38214 --- [           main] plicationWeatherMainMainApplicationTests : No active profile set, falling back to 1 default profile: "default"
2026-05-02T19:03:05.426-03:00  INFO 38214 --- [           main] o.s.s.web.DefaultSecurityFilterChain     : Will secure any request with [org.springframework.security.web.session.DisableEncodeUrlFilter@1b6924cb, org.springframework.security.web.context.request.async.WebAsyncManagerIntegrationFilter@3a8d467e, org.springframework.security.web.context.SecurityContextHolderFilter@65eb76cd, org.springframework.security.web.header.HeaderWriterFilter@19a31b9d, org.springframework.security.web.csrf.CsrfFilter@526b2f3e, org.springframework.security.web.authentication.logout.LogoutFilter@31e2232f, org.springframework.security.oauth2.client.web.OAuth2AuthorizationRequestRedirectFilter@1391af3b, org.springframework.security.oauth2.client.web.OAuth2LoginAuthenticationFilter@3762c4fc, org.springframework.security.web.authentication.ui.DefaultLoginPageGeneratingFilter@6af91cc8, org.springframework.security.web.authentication.ui.DefaultLogoutPageGeneratingFilter@141d3d43, org.springframework.security.web.savedrequest.RequestCacheAwareFilter@334ebcaa, org.springframework.security.web.servletapi.SecurityContextHolderAwareRequestFilter@696b4a95, org.springframework.security.web.authentication.AnonymousAuthenticationFilter@6ca372ef, org.springframework.security.web.access.ExceptionTranslationFilter@11eed657, org.springframework.security.web.access.intercept.AuthorizationFilter@22c75c01]
2026-05-02T19:03:07.097-03:00  INFO 38214 --- [           main] plicationWeatherMainMainApplicationTests : Started ApplicationWeatherMainMainApplicationTests in 4.472 seconds (process running for 6.903)
]]></system-out>
    <system-err><![CDATA[WARNING: A Java agent has been loaded dynamically (/home/Allan/.m2/repository/net/bytebuddy/byte-buddy-agent/1.14.6/byte-buddy-agent-1.14.6.jar)
WARNING: If a serviceability tool is in use, please run with -XX:+EnableDynamicAgentLoading to hide this warning
WARNING: If a serviceability tool is not in use, please run with -Djdk.instrument.traceUsage for more information
WARNING: Dynamic loading of agents will be disallowed by default in a future release
]]></system-err>
  </testcase>
</testsuite>