<?xml version="1.0" encoding="UTF-8"?>
<testsuite xmlns:xsi="http://www.w3.org/2001/XMLSchema-instance" xsi:noNamespaceSchemaLocation="https://maven.apache.org/surefire/maven-surefire-plugin/xsd/surefire-test-report-3.0.xsd" version="3.0" name="com.allan.Application_Climate.ApplicationWeatherMainMainApplicationTests" time="10.8" tests="1" errors="0" skipped="0" failures="0">
  <properties>
[...]
</properties>
  <testcase name="contextLoads" classname="com.allan.Application_Climate.ApplicationWeatherMainMainApplicationTests" time="2.862">
    <system-out><![CDATA[11:33:44.738 [main] INFO org.springframework.test.context.support.AnnotationConfigContextLoaderUtils -- Could not detect default configuration classes for test class [com.allan.Application_Climate.ApplicationWeatherMainMainApplicationTests]: ApplicationWeatherMainMainApplicationTests does not declare any static, non-private, non-final, nested classes annotated with @Configuration.
11:33:44.999 [main] INFO org.springframework.boot.test.context.SpringBootTestContextBootstrapper -- Found @SpringBootConfiguration com.allan.Application_Climate.ApplicationClimateApplication for test class com.allan.Application_Climate.ApplicationWeatherMainMainApplicationTests

  .   ____          _            __ _ _
 /\\ / ___'_ __ _ _(_)_ __  __ _ \ \ \ \
( ( )\___ | '_ | '_| | '_ \/ _` | \ \ \ \
 \\/  ___)| |_)| | | | | || (_| |  ) ) ) )
  '  |____| .__|_| |_|_| |_\__, | / / / /
 =========|_|==============|___/=/_/_/_/
 :: Spring Boot ::                (v3.1.3)

2024-01-08T11:33:46.062-03:00  INFO 9556 --- [           main] plicationWeatherMainMainApplicationTests : Starting ApplicationWeatherMainMainApplicationTests using Java 17.0.8 with PID 9556 (started by Allan Victor in C:\Users\Allan Victor\Documents\Aplicação-Clima\Aplicacao-Clima)
2024-01-08T11:33:46.066-03:00  INFO 9556 --- [           main] plicationWeatherMainMainApplicationTests : No active profile set, falling back to 1 default profile: "default"
2024-01-08T11:33:49.098-03:00  INFO 9556 --- [           main] o.s.s.web.DefaultSecurityFilterChain     : Will secure any request with [org.springframework.security.web.session.DisableEncodeUrlFilter@2e86807a, org.springframework.security.web.context.request.async.WebAsyncManagerIntegrationFilter@4548d254, org.springframework.security.web.context.SecurityContextHolderFilter@2a097d77, org.springframework.security.web.header.HeaderWriterFilter@6bc24e72, org.springframework.security.web.csrf.CsrfFilter@58c1da09, org.springframework.security.web.authentication.logout.LogoutFilter@2c413ffc, org.springframework.security.oauth2.client.web.OAuth2AuthorizationRequestRedirectFilter@655f69da, org.springframework.security.oauth2.client.web.OAuth2LoginAuthenticationFilter@43b5021c, org.springframework.security.web.authentication.ui.DefaultLoginPageGeneratingFilter@18539cb1, org.springframework.security.web.authentication.ui.DefaultLogoutPageGeneratingFilter@590f0c50, org.springframework.security.web.savedrequest.RequestCacheAwareFilter@7650ded6, org.springframework.security.web.servletapi.SecurityContextHolderAwareRequestFilter@1a47a1e8, org.springframework.security.web.authentication.AnonymousAuthenticationFilter@208f0007, org.springframework.security.web.access.ExceptionTranslationFilter@3f362135, org.springframework.security.web.access.intercept.AuthorizationFilter@3df1a1ac]
2024-01-08T11:33:52.183-03:00  INFO 9556 --- [           main] plicationWeatherMainMainApplicationTests : Started ApplicationWeatherMainMainApplicationTests in 6.713 seconds (process running for 9.198)
]]></system-out>
  </testcase>
</testsuite>